<?xml version="1.0" encoding="UTF-8"?>
<!-- Generated by org.testng.reporters.JUnitXMLReporter -->
<testsuite hostname="Rupeshs-MacBook-Pro.local" ignored="0" name="test-one" tests="4" failures="0" timestamp="06 Feb 2017 05:43:01 GMT" time="0.049" errors="0">
  <testcase name="metOne" time="0.011" classname="com.test.scripts.ClassOne"/>
  <testcase name="metTwo" time="0.002" classname="com.test.scripts.ClassOne"/>
  <testcase name="metOne" time="0.001" classname="com.test.scripts.ClassTwo"/>
  <testcase name="metTwo" time="0.001" classname="com.test.scripts.ClassTwo"/>
</testsuite> <!-- test-one -->
