<?xml version="1.0" encoding="UTF-8"?>
<!-- Generated by org.testng.reporters.JUnitReportReporter -->
<testsuite name="com.test.scripts.ClassOne" tests="2" time="0.013" ignored="0" failures="0" timestamp="06 Feb 2017 05:43:01 GMT" skipped="0" hostname="Rupeshs-MacBook-Pro.local" errors="0">
  <testcase name="metOne" time="0.011" classname="com.test.scripts.ClassOne"/>
  <testcase name="metTwo" time="0.002" classname="com.test.scripts.ClassOne"/>
</testsuite> <!-- com.test.scripts.ClassOne -->
